<?xml version="1.0" encoding="UTF-8"?>
<testng-results skipped="0" failed="0" ignored="0" total="1" passed="1">
  <reporter-output>
  </reporter-output>
  <suite name="Default suite" duration-ms="248003" started-at="2021-01-11T04:41:13Z" finished-at="2021-01-11T04:45:21Z">
    <groups>
    </groups>
    <test name="Default test" duration-ms="248003" started-at="2021-01-11T04:41:13Z" finished-at="2021-01-11T04:45:21Z">
      <class name="kdf.Application">
        <test-method status="PASS" signature="verifyInvalidLogin()[pri:0, instance:kdf.Application@8bd1b6a]" name="verifyInvalidLogin" duration-ms="247802" started-at="2021-01-11T04:41:13Z" finished-at="2021-01-11T04:45:21Z">
          <reporter-output>
          </reporter-output>
        </test-method> <!-- verifyInvalidLogin -->
      </class> <!-- kdf.Application -->
    </test> <!-- Default test -->
  </suite> <!-- Default suite -->
</testng-results>
